{
  "digest": "HhogYmSxRtF6dTB9Tpr5G9XHbADEG148mHmUbYw9Jpu6",
  "transaction": {
    "data": {
      "messageVersion": "v1",
      "transaction": {
        "kind": "ProgrammableTransaction",
        "inputs": [
          {
            "type": "pure",
            "valueType": "address",
            "value": "0x64a53e66e5910f4e41e1e7b07b7b6dd045a436059e1f82c0620b3165c43d89d3"
          }
        ],
        "transactions": [
          {
            "Publish": [
              "0x0000000000000000000000000000000000000000000000000000000000000001",
              "0x0000000000000000000000000000000000000000000000000000000000000002"
            ]
          },
          {
            "TransferObjects": [
              [
                {
                  "Result": 0
                }
              ],
              {
                "Input": 0
              }
            ]
          }
        ]
      },
      "sender": "0x64a53e66e5910f4e41e1e7b07b7b6dd045a436059e1f82c0620b3165c43d89d3",
      "gasData": {
        "payment": [
          {
            "objectId": "0xae696299e2005f0a88e90144d316e6ec8d774e215fef8bb6b48b077dfdbcb63d",
            "version": 349180959,
            "digest": "6WCwuct2AzNoDQSsccdZdNgsm83XMqoCkSTepaFua5Hx"
          }
        ],
        "owner": "0x64a53e66e5910f4e41e1e7b07b7b6dd045a436059e1f82c0620b3165c43d89d3",
        "price": "1000",
        "budget": "200000000"
      }
    },
    "txSignatures": [
      "AKfFzymFpo7WqC/btLai3xf116husph+5xxuRb3CiP3EE8nN/RjvjrfH6dPwzzvQ0ZRFPXHk/ppsoaX5NxH+kQTbuWkThN7IUM7tUfEJGsrMOeEazfi+aNQFpoiOT5Xpig=="
    ]
  },
  "effects": {
    "messageVersion": "v1",
    "status": {
      "status": "success"
    },
    "executedEpoch": "923",
    "gasUsed": {
      "computationCost": "1000000",
      "storageCost": "49225200",
      "storageRebate": "978120",
      "nonRefundableStorageFee": "9880"
    },
    "modifiedAtVersions": [
      {
        "objectId": "0xae696299e2005f0a88e90144d316e6ec8d774e215fef8bb6b48b077dfdbcb63d",
        "sequenceNumber": "349180959"
      }
    ],
    "transactionDigest": "HhogYmSxRtF6dTB9Tpr5G9XHbADEG148mHmUbYw9Jpu6",
    "created": [
      {
        "owner": {
          "Shared": {
            "initial_shared_version": 349180960
          }
        },
        "reference": {
          "objectId": "0x43997f4d4892e59d279325970b3500f2f0c0949392df094451340ceebb5fd106",
          "version": 349180960,
          "digest": "VU6hCjsAkxdZinedn8hECif33ZtDJjewb5oXFgLvcKV"
        }
      },
      {
        "owner": {
          "Shared": {
            "initial_shared_version": 349180960
          }
        },
        "reference": {
          "objectId": "0x83ea5a3a98643d0c528d7deb8e98621b71456c63d9e6238ee00c09b667863ae5",
          "version": 349180960,
          "digest": "awtgH39H2vxMnd3WJfXFerejUcBoWfAGnhHk1tTfcKw"
        }
      },
      {
        "owner": {
          "AddressOwner": "0x64a53e66e5910f4e41e1e7b07b7b6dd045a436059e1f82c0620b3165c43d89d3"
        },
        "reference": {
          "objectId": "0x9e56d0f0c4d1a7bfa25545d9930eb2fdff34b82f6f66b3214555e92dbae51dbc",
          "version": 349180960,
          "digest": "DM5RdNNSZB7Bh1brNvznfT88jBGngUdxdP2G33v27VU1"
        }
      },
      {
        "owner": "Immutable",
        "reference": {
          "objectId": "0xbddec1c8b2a8735bda8680e9324278650fe480a52c0d440ce1f9971db032e918",
          "version": 1,
          "digest": "GxGKhNG1caQWbD2cC2eAc7KUTT1t1KrURPhZad3MUh3F"
        }
      }
    ],
    "mutated": [
      {
        "owner": {
          "AddressOwner": "0x64a53e66e5910f4e41e1e7b07b7b6dd045a436059e1f82c0620b3165c43d89d3"
        },
        "reference": {
          "objectId": "0xae696299e2005f0a88e90144d316e6ec8d774e215fef8bb6b48b077dfdbcb63d",
          "version": 349180960,
          "digest": "2ZZJUMhU2TpmzQYqwsqi8gDCmNF7s393KddKEXQfw81h"
        }
      }
    ],
    "gasObject": {
      "owner": {
        "AddressOwner": "0x64a53e66e5910f4e41e1e7b07b7b6dd045a436059e1f82c0620b3165c43d89d3"
      },
      "reference": {
        "objectId": "0xae696299e2005f0a88e90144d316e6ec8d774e215fef8bb6b48b077dfdbcb63d",
        "version": 349180960,
        "digest": "2ZZJUMhU2TpmzQYqwsqi8gDCmNF7s393KddKEXQfw81h"
      }
    },
    "dependencies": [
      "Dd9pn1zFcSJjinxQewFd2gQdR4XKsHxFioD5MYnwLZQz",
      "GppkRKgQ5ZXNWpCC3BTd9tXG4zF3ACacZK9Pu8eCvJiz",
      "GuDoN9iUFpnKtBZu38ZusnnnZycZui48DSRMbfeP2AaH"
    ]
  },
  "events": [],
  "objectChanges": [
    {
      "type": "mutated",
      "sender": "0x64a53e66e5910f4e41e1e7b07b7b6dd045a436059e1f82c0620b3165c43d89d3",
      "owner": {
        "AddressOwner": "0x64a53e66e5910f4e41e1e7b07b7b6dd045a436059e1f82c0620b3165c43d89d3"
      },
      "objectType": "0x2::coin::Coin<0x2::sui::SUI>",
      "objectId": "0xae696299e2005f0a88e90144d316e6ec8d774e215fef8bb6b48b077dfdbcb63d",
      "version": "349180960",
      "previousVersion": "349180959",
      "digest": "2ZZJUMhU2TpmzQYqwsqi8gDCmNF7s393KddKEXQfw81h"
    },
    {
      "type": "created",
      "sender": "0x64a53e66e5910f4e41e1e7b07b7b6dd045a436059e1f82c0620b3165c43d89d3",
      "owner": {
        "Shared": {
          "initial_shared_version": 349180960
        }
      },
      "objectType": "0xbddec1c8b2a8735bda8680e9324278650fe480a52c0d440ce1f9971db032e918::provider_registry::ProviderRegistry",
      "objectId": "0x43997f4d4892e59d279325970b3500f2f0c0949392df094451340ceebb5fd106",
      "version": "349180960",
      "digest": "VU6hCjsAkxdZinedn8hECif33ZtDJjewb5oXFgLvcKV"
    },
    {
      "type": "created",
      "sender": "0x64a53e66e5910f4e41e1e7b07b7b6dd045a436059e1f82c0620b3165c43d89d3",
      "owner": {
        "Shared": {
          "initial_shared_version": 349180960
        }
      },
      "objectType": "0xbddec1c8b2a8735bda8680e9324278650fe480a52c0d440ce1f9971db032e918::kyc_registry::KycRegistry",
      "objectId": "0x83ea5a3a98643d0c528d7deb8e98621b71456c63d9e6238ee00c09b667863ae5",
      "version": "349180960",
      "digest": "awtgH39H2vxMnd3WJfXFerejUcBoWfAGnhHk1tTfcKw"
    },
    {
      "type": "created",
      "sender": "0x64a53e66e5910f4e41e1e7b07b7b6dd045a436059e1f82c0620b3165c43d89d3",
      "owner": {
        "AddressOwner": "0x64a53e66e5910f4e41e1e7b07b7b6dd045a436059e1f82c0620b3165c43d89d3"
      },
      "objectType": "0x2::package::UpgradeCap",
      "objectId": "0x9e56d0f0c4d1a7bfa25545d9930eb2fdff34b82f6f66b3214555e92dbae51dbc",
      "version": "349180960",
      "digest": "DM5RdNNSZB7Bh1brNvznfT88jBGngUdxdP2G33v27VU1"
    },
    {
      "type": "published",
      "packageId": "0xbddec1c8b2a8735bda8680e9324278650fe480a52c0d440ce1f9971db032e918",
      "version": "1",
      "digest": "GxGKhNG1caQWbD2cC2eAc7KUTT1t1KrURPhZad3MUh3F",
      "modules": [
        "kyc_badge",
        "kyc_registry",
        "provider_registry"
      ]
    }
  ],
  "balanceChanges": [
    {
      "owner": {
        "AddressOwner": "0x64a53e66e5910f4e41e1e7b07b7b6dd045a436059e1f82c0620b3165c43d89d3"
      },
      "coinType": "0x2::sui::SUI",
      "amount": "-49247080"
    }
  ],
  "confirmedLocalExecution": true
}
